c:\users\aurélien\google drive\ma1\visualisation de données\data_analyse - clean version\data_analyse\debug\vc140.pdb
c:\users\aurélien\google drive\ma1\visualisation de données\data_analyse - clean version\data_analyse\debug\vc140.idb
c:\users\aurélien\google drive\ma1\visualisation de données\data_analyse - clean version\data_analyse\debug\data.obj
c:\users\aurélien\google drive\ma1\visualisation de données\data_analyse - clean version\data_analyse\debug\general_functions.obj
c:\users\aurélien\google drive\ma1\visualisation de données\data_analyse - clean version\data_analyse\debug\txtgestion.obj
c:\users\aurélien\google drive\ma1\visualisation de données\data_analyse - clean version\data_analyse\debug\figures.obj
c:\users\aurélien\google drive\ma1\visualisation de données\data_analyse - clean version\data_analyse\debug\main.obj
c:\users\aurélien\google drive\ma1\visualisation de données\data_analyse - clean version\debug\data_analyse.ilk
c:\users\aurélien\google drive\ma1\visualisation de données\data_analyse - clean version\debug\data_analyse.exe
c:\users\aurélien\google drive\ma1\visualisation de données\data_analyse - clean version\debug\data_analyse.pdb
c:\users\aurélien\google drive\ma1\visualisation de données\data_analyse - clean version\data_analyse\debug\txtgestion (1).obj
c:\users\aurélien\google drive\ma1\visualisation de données\data_analyse - clean version\data_analyse\debug\txtgestion (2).obj
c:\users\aurélien\google drive\ma1\visualisation de données\data_analyse - clean version\data_analyse\debug\txtgestion (3).obj
c:\users\aurélien\google drive\ma1\visualisation de données\data_analyse - clean version\data_analyse\debug\txtgestion (4).obj
c:\users\aurélien\google drive\ma1\visualisation de données\data_analyse - clean version\data_analyse\debug\txtgestion (5).obj
c:\users\aurélien\google drive\ma1\visualisation de données\data_analyse - clean version\data_analyse\debug\txtgestion (6).obj
c:\users\aurélien\google drive\ma1\visualisation de données\data_analyse - clean version\data_analyse\debug\txtgestion (7).obj
c:\users\aurélien\google drive\ma1\visualisation de données\data_analyse - clean version\data_analyse\debug\txtgestion (8).obj
c:\users\aurélien\google drive\ma1\visualisation de données\data_analyse - clean version\data_analyse\debug\figures.obj.enc
c:\users\aurélien\google drive\ma1\visualisation de données\data_analyse - clean version\data_analyse\debug\main.obj.enc
c:\users\aurélien\google drive\ma1\visualisation de données\data_analyse - clean version\data_analyse\debug\data_analyse.tlog\cl.command.1.tlog
c:\users\aurélien\google drive\ma1\visualisation de données\data_analyse - clean version\data_analyse\debug\data_analyse.tlog\cl.read.1.tlog
c:\users\aurélien\google drive\ma1\visualisation de données\data_analyse - clean version\data_analyse\debug\data_analyse.tlog\cl.write.1.tlog
c:\users\aurélien\google drive\ma1\visualisation de données\data_analyse - clean version\data_analyse\debug\data_analyse.tlog\link.command.1.tlog
c:\users\aurélien\google drive\ma1\visualisation de données\data_analyse - clean version\data_analyse\debug\data_analyse.tlog\link.read.1.tlog
c:\users\aurélien\google drive\ma1\visualisation de données\data_analyse - clean version\data_analyse\debug\data_analyse.tlog\link.write.1.tlog
